<?xml version="1.0" encoding="UTF-8"?>
<testng-results ignored="0" total="1" passed="1" failed="0" skipped="0">
  <reporter-output>
  </reporter-output>
  <suite started-at="2024-12-30T23:31:44 IST" name="Default suite" finished-at="2024-12-30T23:31:47 IST" duration-ms="3709">
    <groups>
    </groups>
    <test started-at="2024-12-30T23:31:44 IST" name="Default test" finished-at="2024-12-30T23:31:47 IST" duration-ms="3709">
      <class name="selenium.HowToVerifyFileDownload">
        <test-method is-config="true" signature="launchApplication()[pri:0, instance:selenium.HowToVerifyFileDownload@53941c2f]" started-at="2024-12-30T23:31:44 IST" name="launchApplication" finished-at="2024-12-30T23:31:47 IST" duration-ms="3624" status="PASS">
          <reporter-output>
          </reporter-output>
        </test-method> <!-- launchApplication -->
        <test-method signature="verifyFileDownload()[pri:0, instance:selenium.HowToVerifyFileDownload@53941c2f]" started-at="2024-12-30T23:31:47 IST" name="verifyFileDownload" finished-at="2024-12-30T23:31:47 IST" duration-ms="17" status="PASS">
          <reporter-output>
          </reporter-output>
        </test-method> <!-- verifyFileDownload -->
      </class> <!-- selenium.HowToVerifyFileDownload -->
    </test> <!-- Default test -->
  </suite> <!-- Default suite -->
</testng-results>
