<?xml version="1.0" encoding="UTF-8"?>
<testng-results ignored="0" total="1" passed="1" failed="0" skipped="0">
  <reporter-output>
  </reporter-output>
  <suite started-at="2025-01-05T13:33:42 IST" name="Default suite" finished-at="2025-01-05T13:33:48 IST" duration-ms="6345">
    <groups>
    </groups>
    <test started-at="2025-01-05T13:33:42 IST" name="Default test" finished-at="2025-01-05T13:33:48 IST" duration-ms="6345">
      <class name="herokuPractice.UploadFile">
        <test-method signature="verifyFileUpload()[pri:0, instance:herokuPractice.UploadFile@6f63b475]" started-at="2025-01-05T13:33:42 IST" name="verifyFileUpload" finished-at="2025-01-05T13:33:48 IST" duration-ms="6260" status="PASS">
          <reporter-output>
          </reporter-output>
        </test-method> <!-- verifyFileUpload -->
      </class> <!-- herokuPractice.UploadFile -->
    </test> <!-- Default test -->
  </suite> <!-- Default suite -->
</testng-results>
